#-----------------------------------------------------------
# Vivado v2020.2 (64-bit)
# SW Build 3064766 on Wed Nov 18 09:12:45 MST 2020
# IP Build 3064653 on Wed Nov 18 14:17:31 MST 2020
# Start of session at: Tue Oct 26 20:09:51 2021
# Process ID: 102552
# Current directory: C:/Users/losyo/Desktop/verilog/Lab3_FIFO_8
# Command line: vivado.exe -gui_launcher_event rodinguilauncherevent7804 C:\Users\losyo\Desktop\verilog\Lab3_FIFO_8\Lab3_FIFO_8.xpr
# Log file: C:/Users/losyo/Desktop/verilog/Lab3_FIFO_8/vivado.log
# Journal file: C:/Users/losyo/Desktop/verilog/Lab3_FIFO_8\vivado.jou
#-----------------------------------------------------------
start_gui
open_project C:/Users/losyo/Desktop/verilog/Lab3_FIFO_8/Lab3_FIFO_8.xpr
WARNING: [filemgmt 56-3] Default IP Output Path : Could not find the directory 'C:/Users/losyo/Desktop/verilog/Lab3_FIFO_8/Lab3_FIFO_8.gen/sources_1'.
Scanning sources...
Finished scanning sources
INFO: [IP_Flow 19-234] Refreshing IP repositories
INFO: [IP_Flow 19-1704] No user IP repositories specified
INFO: [IP_Flow 19-2313] Loaded Vivado IP repository 'C:/Xilinx/Vivado/2020.2/data/ip'.
update_compile_order -fileset sources_1
launch_simulation
Command: launch_simulation 
INFO: [Vivado 12-5682] Launching behavioral simulation in 'C:/Users/losyo/Desktop/verilog/Lab3_FIFO_8/Lab3_FIFO_8.sim/sim_1/behav/xsim'
INFO: [SIM-utils-51] Simulation object is 'sim_1'
INFO: [SIM-utils-54] Inspecting design source files for 'fifo_tb' in fileset 'sim_1'...
INFO: [USF-XSim-97] Finding global include files...
INFO: [USF-XSim-98] Fetching design files from 'sim_1'...
INFO: [USF-XSim-2] XSim::Compile design
INFO: [USF-XSim-61] Executing 'COMPILE and ANALYZE' step in 'C:/Users/losyo/Desktop/verilog/Lab3_FIFO_8/Lab3_FIFO_8.sim/sim_1/behav/xsim'
"xvlog --incr --relax -prj fifo_tb_vlog.prj"
INFO: [USF-XSim-69] 'compile' step finished in '1' seconds
INFO: [USF-XSim-3] XSim::Elaborate design
INFO: [USF-XSim-61] Executing 'ELABORATE' step in 'C:/Users/losyo/Desktop/verilog/Lab3_FIFO_8/Lab3_FIFO_8.sim/sim_1/behav/xsim'
"xelab -wto 2e65dd6581c44bc99c92b0cfc3377335 --incr --debug typical --relax --mt 2 -L xil_defaultlib -L unisims_ver -L unimacro_ver -L secureip --snapshot fifo_tb_behav xil_defaultlib.fifo_tb xil_defaultlib.glbl -log elaborate.log"
Vivado Simulator 2020.2
Copyright 1986-1999, 2001-2020 Xilinx, Inc. All Rights Reserved.
Running: C:/Xilinx/Vivado/2020.2/bin/unwrapped/win64.o/xelab.exe -wto 2e65dd6581c44bc99c92b0cfc3377335 --incr --debug typical --relax --mt 2 -L xil_defaultlib -L unisims_ver -L unimacro_ver -L secureip --snapshot fifo_tb_behav xil_defaultlib.fifo_tb xil_defaultlib.glbl -log elaborate.log 
Using 2 slave threads.
Starting static elaboration
Pass Through NonSizing Optimizer
Completed static elaboration
INFO: [XSIM 43-4323] No Change in HDL. Linking previously generated obj files to create kernel
INFO: [USF-XSim-69] 'elaborate' step finished in '2' seconds
INFO: [USF-XSim-4] XSim::Simulate design
INFO: [USF-XSim-61] Executing 'SIMULATE' step in 'C:/Users/losyo/Desktop/verilog/Lab3_FIFO_8/Lab3_FIFO_8.sim/sim_1/behav/xsim'
INFO: [USF-XSim-98] *** Running xsim
   with args "fifo_tb_behav -key {Behavioral:sim_1:Functional:fifo_tb} -tclbatch {fifo_tb.tcl} -log {simulate.log}"
INFO: [USF-XSim-8] Loading simulator feature
Vivado Simulator 2020.2
Time resolution is 1 ps
source fifo_tb.tcl
# set curr_wave [current_wave_config]
# if { [string length $curr_wave] == 0 } {
#   if { [llength [get_objects]] > 0} {
#     add_wave /
#     set_property needs_save false [current_wave_config]
#   } else {
#      send_msg_id Add_Wave-1 WARNING "No top level signals found. Simulator will start without a wave window. If you want to open a wave window go to 'File->New Waveform Configuration' or type 'create_wave_config' in the TCL console."
#   }
# }
# run 1000ns
$stop called at time : 640 ns : File "C:/Users/losyo/Desktop/verilog/Lab3_FIFO_8/Lab3_FIFO_8.srcs/sources_1/new/FIFO_tb.v" Line 48
xsim: Time (s): cpu = 00:00:10 ; elapsed = 00:00:19 . Memory (MB): peak = 1018.652 ; gain = 0.000
INFO: [USF-XSim-96] XSim completed. Design snapshot 'fifo_tb_behav' loaded.
INFO: [USF-XSim-97] XSim simulation ran for 1000ns
launch_simulation: Time (s): cpu = 00:00:11 ; elapsed = 00:00:23 . Memory (MB): peak = 1018.652 ; gain = 0.000
close_sim
INFO: [Simtcl 6-16] Simulation closed
close_sim: Time (s): cpu = 00:00:01 ; elapsed = 00:00:06 . Memory (MB): peak = 1018.652 ; gain = 0.000
close_project
open_project C:/Users/losyo/Desktop/verilog/Lab3_BankMemory/Lab3_BankMemory.xpr
WARNING: [filemgmt 56-3] Default IP Output Path : Could not find the directory 'C:/Users/losyo/Desktop/verilog/Lab3_BankMemory/Lab3_BankMemory.gen/sources_1'.
Scanning sources...
Finished scanning sources
INFO: [IP_Flow 19-234] Refreshing IP repositories
INFO: [IP_Flow 19-1704] No user IP repositories specified
INFO: [IP_Flow 19-2313] Loaded Vivado IP repository 'C:/Xilinx/Vivado/2020.2/data/ip'.
launch_simulation
Command: launch_simulation 
INFO: [Vivado 12-5682] Launching behavioral simulation in 'C:/Users/losyo/Desktop/verilog/Lab3_BankMemory/Lab3_BankMemory.sim/sim_1/behav/xsim'
INFO: [SIM-utils-51] Simulation object is 'sim_1'
INFO: [SIM-utils-54] Inspecting design source files for 'Multi_Bank_tb' in fileset 'sim_1'...
INFO: [USF-XSim-97] Finding global include files...
INFO: [USF-XSim-98] Fetching design files from 'sim_1'...
INFO: [USF-XSim-2] XSim::Compile design
INFO: [USF-XSim-61] Executing 'COMPILE and ANALYZE' step in 'C:/Users/losyo/Desktop/verilog/Lab3_BankMemory/Lab3_BankMemory.sim/sim_1/behav/xsim'
"xvlog --incr --relax -prj Multi_Bank_tb_vlog.prj"
INFO: [USF-XSim-69] 'compile' step finished in '2' seconds
INFO: [USF-XSim-3] XSim::Elaborate design
INFO: [USF-XSim-61] Executing 'ELABORATE' step in 'C:/Users/losyo/Desktop/verilog/Lab3_BankMemory/Lab3_BankMemory.sim/sim_1/behav/xsim'
"xelab -wto 155c9b1340174f82917fec8b8fe3b0e4 --incr --debug typical --relax --mt 2 -L xil_defaultlib -L unisims_ver -L unimacro_ver -L secureip --snapshot Multi_Bank_tb_behav xil_defaultlib.Multi_Bank_tb xil_defaultlib.glbl -log elaborate.log"
Vivado Simulator 2020.2
Copyright 1986-1999, 2001-2020 Xilinx, Inc. All Rights Reserved.
Running: C:/Xilinx/Vivado/2020.2/bin/unwrapped/win64.o/xelab.exe -wto 155c9b1340174f82917fec8b8fe3b0e4 --incr --debug typical --relax --mt 2 -L xil_defaultlib -L unisims_ver -L unimacro_ver -L secureip --snapshot Multi_Bank_tb_behav xil_defaultlib.Multi_Bank_tb xil_defaultlib.glbl -log elaborate.log 
Using 2 slave threads.
Starting static elaboration
Pass Through NonSizing Optimizer
Completed static elaboration
Starting simulation data flow analysis
Completed simulation data flow analysis
Time Resolution for simulation is 1ps
Compiling module xil_defaultlib.Memory
Compiling module xil_defaultlib.Multi_Bank_Memory
Compiling module xil_defaultlib.Multi_Bank_tb
Compiling module xil_defaultlib.glbl
Built simulation snapshot Multi_Bank_tb_behav

****** Webtalk v2020.2 (64-bit)
  **** SW Build 3064766 on Wed Nov 18 09:12:45 MST 2020
  **** IP Build 3064653 on Wed Nov 18 14:17:31 MST 2020
    ** Copyright 1986-2020 Xilinx, Inc. All Rights Reserved.

source C:/Users/losyo/Desktop/verilog/Lab3_BankMemory/Lab3_BankMemory.sim/sim_1/behav/xsim/xsim.dir/Multi_Bank_tb_behav/webtalk/xsim_webtalk.tcl -notrace
INFO: [Common 17-186] 'C:/Users/losyo/Desktop/verilog/Lab3_BankMemory/Lab3_BankMemory.sim/sim_1/behav/xsim/xsim.dir/Multi_Bank_tb_behav/webtalk/usage_statistics_ext_xsim.xml' has been successfully sent to Xilinx on Tue Oct 26 20:16:54 2021. For additional details about this file, please refer to the WebTalk help file at C:/Xilinx/Vivado/2020.2/doc/webtalk_introduction.html.
INFO: [Common 17-206] Exiting Webtalk at Tue Oct 26 20:16:54 2021...
run_program: Time (s): cpu = 00:00:00 ; elapsed = 00:00:07 . Memory (MB): peak = 1018.652 ; gain = 0.000
INFO: [USF-XSim-69] 'elaborate' step finished in '7' seconds
INFO: [USF-XSim-4] XSim::Simulate design
INFO: [USF-XSim-61] Executing 'SIMULATE' step in 'C:/Users/losyo/Desktop/verilog/Lab3_BankMemory/Lab3_BankMemory.sim/sim_1/behav/xsim'
INFO: [USF-XSim-98] *** Running xsim
   with args "Multi_Bank_tb_behav -key {Behavioral:sim_1:Functional:Multi_Bank_tb} -tclbatch {Multi_Bank_tb.tcl} -log {simulate.log}"
INFO: [USF-XSim-8] Loading simulator feature
Vivado Simulator 2020.2
Time resolution is 1 ps
source Multi_Bank_tb.tcl
# set curr_wave [current_wave_config]
# if { [string length $curr_wave] == 0 } {
#   if { [llength [get_objects]] > 0} {
#     add_wave /
#     set_property needs_save false [current_wave_config]
#   } else {
#      send_msg_id Add_Wave-1 WARNING "No top level signals found. Simulator will start without a wave window. If you want to open a wave window go to 'File->New Waveform Configuration' or type 'create_wave_config' in the TCL console."
#   }
# }
# run 1000ns
$finish called at time : 660 ns : File "C:/Users/losyo/Desktop/verilog/Lab3_BankMemory/Lab3_BankMemory.srcs/sources_1/new/Multi_Bank_tb.v" Line 48
xsim: Time (s): cpu = 00:00:07 ; elapsed = 00:00:17 . Memory (MB): peak = 1018.652 ; gain = 0.000
INFO: [USF-XSim-96] XSim completed. Design snapshot 'Multi_Bank_tb_behav' loaded.
INFO: [USF-XSim-97] XSim simulation ran for 1000ns
launch_simulation: Time (s): cpu = 00:00:08 ; elapsed = 00:00:26 . Memory (MB): peak = 1018.652 ; gain = 0.000
update_compile_order -fileset sources_1
close_sim
INFO: [Simtcl 6-16] Simulation closed
close_sim: Time (s): cpu = 00:00:01 ; elapsed = 00:00:06 . Memory (MB): peak = 1018.652 ; gain = 0.000
launch_simulation
Command: launch_simulation 
INFO: [Vivado 12-5682] Launching behavioral simulation in 'C:/Users/losyo/Desktop/verilog/Lab3_BankMemory/Lab3_BankMemory.sim/sim_1/behav/xsim'
INFO: [SIM-utils-51] Simulation object is 'sim_1'
INFO: [SIM-utils-54] Inspecting design source files for 'Multi_Bank_tb' in fileset 'sim_1'...
INFO: [USF-XSim-97] Finding global include files...
INFO: [USF-XSim-98] Fetching design files from 'sim_1'...
INFO: [USF-XSim-2] XSim::Compile design
INFO: [USF-XSim-61] Executing 'COMPILE and ANALYZE' step in 'C:/Users/losyo/Desktop/verilog/Lab3_BankMemory/Lab3_BankMemory.sim/sim_1/behav/xsim'
"xvlog --incr --relax -prj Multi_Bank_tb_vlog.prj"
INFO: [VRFC 10-2263] Analyzing Verilog file "C:/Users/losyo/Desktop/verilog/Lab3_TeamX_Multi_Bank_Memory.v" into library xil_defaultlib
INFO: [VRFC 10-311] analyzing module Multi_Bank_Memory
INFO: [VRFC 10-311] analyzing module Memory
INFO: [VRFC 10-2263] Analyzing Verilog file "C:/Users/losyo/Desktop/verilog/Lab3_BankMemory/Lab3_BankMemory.srcs/sources_1/new/Multi_Bank_tb.v" into library xil_defaultlib
INFO: [VRFC 10-311] analyzing module Multi_Bank_tb
INFO: [USF-XSim-69] 'compile' step finished in '2' seconds
INFO: [USF-XSim-3] XSim::Elaborate design
INFO: [USF-XSim-61] Executing 'ELABORATE' step in 'C:/Users/losyo/Desktop/verilog/Lab3_BankMemory/Lab3_BankMemory.sim/sim_1/behav/xsim'
"xelab -wto 155c9b1340174f82917fec8b8fe3b0e4 --incr --debug typical --relax --mt 2 -L xil_defaultlib -L unisims_ver -L unimacro_ver -L secureip --snapshot Multi_Bank_tb_behav xil_defaultlib.Multi_Bank_tb xil_defaultlib.glbl -log elaborate.log"
Vivado Simulator 2020.2
Copyright 1986-1999, 2001-2020 Xilinx, Inc. All Rights Reserved.
Running: C:/Xilinx/Vivado/2020.2/bin/unwrapped/win64.o/xelab.exe -wto 155c9b1340174f82917fec8b8fe3b0e4 --incr --debug typical --relax --mt 2 -L xil_defaultlib -L unisims_ver -L unimacro_ver -L secureip --snapshot Multi_Bank_tb_behav xil_defaultlib.Multi_Bank_tb xil_defaultlib.glbl -log elaborate.log 
Using 2 slave threads.
Starting static elaboration
Pass Through NonSizing Optimizer
Completed static elaboration
Starting simulation data flow analysis
Completed simulation data flow analysis
Time Resolution for simulation is 1ps
Compiling module xil_defaultlib.Memory
Compiling module xil_defaultlib.Multi_Bank_Memory
Compiling module xil_defaultlib.Multi_Bank_tb
Compiling module xil_defaultlib.glbl
Built simulation snapshot Multi_Bank_tb_behav
INFO: [USF-XSim-69] 'elaborate' step finished in '2' seconds
INFO: [USF-XSim-4] XSim::Simulate design
INFO: [USF-XSim-61] Executing 'SIMULATE' step in 'C:/Users/losyo/Desktop/verilog/Lab3_BankMemory/Lab3_BankMemory.sim/sim_1/behav/xsim'
INFO: [USF-XSim-98] *** Running xsim
   with args "Multi_Bank_tb_behav -key {Behavioral:sim_1:Functional:Multi_Bank_tb} -tclbatch {Multi_Bank_tb.tcl} -log {simulate.log}"
INFO: [USF-XSim-8] Loading simulator feature
Vivado Simulator 2020.2
Time resolution is 1 ps
source Multi_Bank_tb.tcl
# set curr_wave [current_wave_config]
# if { [string length $curr_wave] == 0 } {
#   if { [llength [get_objects]] > 0} {
#     add_wave /
#     set_property needs_save false [current_wave_config]
#   } else {
#      send_msg_id Add_Wave-1 WARNING "No top level signals found. Simulator will start without a wave window. If you want to open a wave window go to 'File->New Waveform Configuration' or type 'create_wave_config' in the TCL console."
#   }
# }
# run 1000ns
$finish called at time : 660 ns : File "C:/Users/losyo/Desktop/verilog/Lab3_BankMemory/Lab3_BankMemory.srcs/sources_1/new/Multi_Bank_tb.v" Line 48
xsim: Time (s): cpu = 00:00:06 ; elapsed = 00:00:17 . Memory (MB): peak = 1018.652 ; gain = 0.000
INFO: [USF-XSim-96] XSim completed. Design snapshot 'Multi_Bank_tb_behav' loaded.
INFO: [USF-XSim-97] XSim simulation ran for 1000ns
launch_simulation: Time (s): cpu = 00:00:07 ; elapsed = 00:00:20 . Memory (MB): peak = 1018.652 ; gain = 0.000
close_sim
INFO: [Simtcl 6-16] Simulation closed
launch_simulation
Command: launch_simulation 
INFO: [Vivado 12-5682] Launching behavioral simulation in 'C:/Users/losyo/Desktop/verilog/Lab3_BankMemory/Lab3_BankMemory.sim/sim_1/behav/xsim'
INFO: [SIM-utils-51] Simulation object is 'sim_1'
INFO: [SIM-utils-54] Inspecting design source files for 'Multi_Bank_tb' in fileset 'sim_1'...
INFO: [USF-XSim-97] Finding global include files...
INFO: [USF-XSim-98] Fetching design files from 'sim_1'...
INFO: [USF-XSim-2] XSim::Compile design
INFO: [USF-XSim-61] Executing 'COMPILE and ANALYZE' step in 'C:/Users/losyo/Desktop/verilog/Lab3_BankMemory/Lab3_BankMemory.sim/sim_1/behav/xsim'
"xvlog --incr --relax -prj Multi_Bank_tb_vlog.prj"
INFO: [VRFC 10-2263] Analyzing Verilog file "C:/Users/losyo/Desktop/verilog/Lab3_TeamX_Multi_Bank_Memory.v" into library xil_defaultlib
INFO: [VRFC 10-311] analyzing module Multi_Bank_Memory
INFO: [VRFC 10-311] analyzing module Memory
INFO: [VRFC 10-2263] Analyzing Verilog file "C:/Users/losyo/Desktop/verilog/Lab3_BankMemory/Lab3_BankMemory.srcs/sources_1/new/Multi_Bank_tb.v" into library xil_defaultlib
INFO: [VRFC 10-311] analyzing module Multi_Bank_tb
INFO: [USF-XSim-69] 'compile' step finished in '2' seconds
INFO: [USF-XSim-3] XSim::Elaborate design
INFO: [USF-XSim-61] Executing 'ELABORATE' step in 'C:/Users/losyo/Desktop/verilog/Lab3_BankMemory/Lab3_BankMemory.sim/sim_1/behav/xsim'
"xelab -wto 155c9b1340174f82917fec8b8fe3b0e4 --incr --debug typical --relax --mt 2 -L xil_defaultlib -L unisims_ver -L unimacro_ver -L secureip --snapshot Multi_Bank_tb_behav xil_defaultlib.Multi_Bank_tb xil_defaultlib.glbl -log elaborate.log"
Vivado Simulator 2020.2
Copyright 1986-1999, 2001-2020 Xilinx, Inc. All Rights Reserved.
Running: C:/Xilinx/Vivado/2020.2/bin/unwrapped/win64.o/xelab.exe -wto 155c9b1340174f82917fec8b8fe3b0e4 --incr --debug typical --relax --mt 2 -L xil_defaultlib -L unisims_ver -L unimacro_ver -L secureip --snapshot Multi_Bank_tb_behav xil_defaultlib.Multi_Bank_tb xil_defaultlib.glbl -log elaborate.log 
Using 2 slave threads.
Starting static elaboration
Pass Through NonSizing Optimizer
Completed static elaboration
Starting simulation data flow analysis
Completed simulation data flow analysis
Time Resolution for simulation is 1ps
Compiling module xil_defaultlib.Memory
Compiling module xil_defaultlib.Multi_Bank_Memory
Compiling module xil_defaultlib.Multi_Bank_tb
Compiling module xil_defaultlib.glbl
Built simulation snapshot Multi_Bank_tb_behav
INFO: [USF-XSim-69] 'elaborate' step finished in '2' seconds
INFO: [USF-XSim-4] XSim::Simulate design
INFO: [USF-XSim-61] Executing 'SIMULATE' step in 'C:/Users/losyo/Desktop/verilog/Lab3_BankMemory/Lab3_BankMemory.sim/sim_1/behav/xsim'
INFO: [USF-XSim-98] *** Running xsim
   with args "Multi_Bank_tb_behav -key {Behavioral:sim_1:Functional:Multi_Bank_tb} -tclbatch {Multi_Bank_tb.tcl} -log {simulate.log}"
INFO: [USF-XSim-8] Loading simulator feature
Vivado Simulator 2020.2
Time resolution is 1 ps
source Multi_Bank_tb.tcl
# set curr_wave [current_wave_config]
# if { [string length $curr_wave] == 0 } {
#   if { [llength [get_objects]] > 0} {
#     add_wave /
#     set_property needs_save false [current_wave_config]
#   } else {
#      send_msg_id Add_Wave-1 WARNING "No top level signals found. Simulator will start without a wave window. If you want to open a wave window go to 'File->New Waveform Configuration' or type 'create_wave_config' in the TCL console."
#   }
# }
# run 1000ns
$finish called at time : 660 ns : File "C:/Users/losyo/Desktop/verilog/Lab3_BankMemory/Lab3_BankMemory.srcs/sources_1/new/Multi_Bank_tb.v" Line 48
xsim: Time (s): cpu = 00:00:05 ; elapsed = 00:00:19 . Memory (MB): peak = 1018.652 ; gain = 0.000
INFO: [USF-XSim-96] XSim completed. Design snapshot 'Multi_Bank_tb_behav' loaded.
INFO: [USF-XSim-97] XSim simulation ran for 1000ns
launch_simulation: Time (s): cpu = 00:00:06 ; elapsed = 00:00:23 . Memory (MB): peak = 1018.652 ; gain = 0.000
close_sim
INFO: [Simtcl 6-16] Simulation closed
close_project
open_project C:/Users/losyo/Desktop/verilog/Lab3_RoundRobinFIFO/Lab3_RoundRobinFIFO.xpr
WARNING: [filemgmt 56-3] Default IP Output Path : Could not find the directory 'C:/Users/losyo/Desktop/verilog/Lab3_RoundRobinFIFO/Lab3_RoundRobinFIFO.gen/sources_1'.
Scanning sources...
Finished scanning sources
INFO: [IP_Flow 19-234] Refreshing IP repositories
INFO: [IP_Flow 19-1704] No user IP repositories specified
INFO: [IP_Flow 19-2313] Loaded Vivado IP repository 'C:/Xilinx/Vivado/2020.2/data/ip'.
update_compile_order -fileset sources_1
launch_simulation
Command: launch_simulation 
INFO: [Vivado 12-5682] Launching behavioral simulation in 'C:/Users/losyo/Desktop/verilog/Lab3_RoundRobinFIFO/Lab3_RoundRobinFIFO.sim/sim_1/behav/xsim'
INFO: [SIM-utils-51] Simulation object is 'sim_1'
INFO: [SIM-utils-54] Inspecting design source files for 'RoundRobinArbiter_tb' in fileset 'sim_1'...
INFO: [USF-XSim-97] Finding global include files...
INFO: [USF-XSim-98] Fetching design files from 'sim_1'...
INFO: [USF-XSim-2] XSim::Compile design
INFO: [USF-XSim-61] Executing 'COMPILE and ANALYZE' step in 'C:/Users/losyo/Desktop/verilog/Lab3_RoundRobinFIFO/Lab3_RoundRobinFIFO.sim/sim_1/behav/xsim'
"xvlog --incr --relax -prj RoundRobinArbiter_tb_vlog.prj"
INFO: [USF-XSim-69] 'compile' step finished in '1' seconds
INFO: [USF-XSim-3] XSim::Elaborate design
INFO: [USF-XSim-61] Executing 'ELABORATE' step in 'C:/Users/losyo/Desktop/verilog/Lab3_RoundRobinFIFO/Lab3_RoundRobinFIFO.sim/sim_1/behav/xsim'
"xelab -wto 1ba448f90cad426e95699ac78e4b6b8e --incr --debug typical --relax --mt 2 -L xil_defaultlib -L unisims_ver -L unimacro_ver -L secureip --snapshot RoundRobinArbiter_tb_behav xil_defaultlib.RoundRobinArbiter_tb xil_defaultlib.glbl -log elaborate.log"
Vivado Simulator 2020.2
Copyright 1986-1999, 2001-2020 Xilinx, Inc. All Rights Reserved.
Running: C:/Xilinx/Vivado/2020.2/bin/unwrapped/win64.o/xelab.exe -wto 1ba448f90cad426e95699ac78e4b6b8e --incr --debug typical --relax --mt 2 -L xil_defaultlib -L unisims_ver -L unimacro_ver -L secureip --snapshot RoundRobinArbiter_tb_behav xil_defaultlib.RoundRobinArbiter_tb xil_defaultlib.glbl -log elaborate.log 
Using 2 slave threads.
Starting static elaboration
Pass Through NonSizing Optimizer
Completed static elaboration
INFO: [XSIM 43-4323] No Change in HDL. Linking previously generated obj files to create kernel
INFO: [USF-XSim-69] 'elaborate' step finished in '1' seconds
INFO: [USF-XSim-4] XSim::Simulate design
INFO: [USF-XSim-61] Executing 'SIMULATE' step in 'C:/Users/losyo/Desktop/verilog/Lab3_RoundRobinFIFO/Lab3_RoundRobinFIFO.sim/sim_1/behav/xsim'
INFO: [USF-XSim-98] *** Running xsim
   with args "RoundRobinArbiter_tb_behav -key {Behavioral:sim_1:Functional:RoundRobinArbiter_tb} -tclbatch {RoundRobinArbiter_tb.tcl} -view {C:/Users/losyo/Desktop/verilog/Lab3_RoundRobinFIFO/RoundRobinArbiter_tb_behav.wcfg} -log {simulate.log}"
INFO: [USF-XSim-8] Loading simulator feature
Vivado Simulator 2020.2
Time resolution is 1 ps
open_wave_config C:/Users/losyo/Desktop/verilog/Lab3_RoundRobinFIFO/RoundRobinArbiter_tb_behav.wcfg
source RoundRobinArbiter_tb.tcl
# set curr_wave [current_wave_config]
# if { [string length $curr_wave] == 0 } {
#   if { [llength [get_objects]] > 0} {
#     add_wave /
#     set_property needs_save false [current_wave_config]
#   } else {
#      send_msg_id Add_Wave-1 WARNING "No top level signals found. Simulator will start without a wave window. If you want to open a wave window go to 'File->New Waveform Configuration' or type 'create_wave_config' in the TCL console."
#   }
# }
# run 1000ns
$finish called at time : 260 ns : File "C:/Users/losyo/Desktop/verilog/Lab3_RoundRobinFIFO/Lab3_RoundRobinFIFO.srcs/sources_1/new/RoundRobinArbiter_tb.v" Line 51
xsim: Time (s): cpu = 00:00:03 ; elapsed = 00:00:17 . Memory (MB): peak = 1018.652 ; gain = 0.000
INFO: [USF-XSim-96] XSim completed. Design snapshot 'RoundRobinArbiter_tb_behav' loaded.
INFO: [USF-XSim-97] XSim simulation ran for 1000ns
launch_simulation: Time (s): cpu = 00:00:04 ; elapsed = 00:00:20 . Memory (MB): peak = 1018.652 ; gain = 0.000
close_sim
INFO: [Simtcl 6-16] Simulation closed
close_sim: Time (s): cpu = 00:00:01 ; elapsed = 00:00:06 . Memory (MB): peak = 1018.652 ; gain = 0.000
exit
INFO: [Common 17-206] Exiting Vivado at Wed Oct 27 00:15:58 2021...
