#-----------------------------------------------------------
# Vivado v2020.2 (64-bit)
# SW Build 3064766 on Wed Nov 18 09:12:45 MST 2020
# IP Build 3064653 on Wed Nov 18 14:17:31 MST 2020
# Start of session at: Wed Nov  3 14:41:36 2021
# Process ID: 183448
# Current directory: C:/Users/losyo/Desktop/verilog/Lab3_PingPongCounter
# Command line: vivado.exe -gui_launcher_event rodinguilauncherevent169412 C:\Users\losyo\Desktop\verilog\Lab3_PingPongCounter\Lab3_PingPongCounter.xpr
# Log file: C:/Users/losyo/Desktop/verilog/Lab3_PingPongCounter/vivado.log
# Journal file: C:/Users/losyo/Desktop/verilog/Lab3_PingPongCounter\vivado.jou
#-----------------------------------------------------------
start_gui
open_project C:/Users/losyo/Desktop/verilog/Lab3_PingPongCounter/Lab3_PingPongCounter.xpr
WARNING: [filemgmt 56-3] Default IP Output Path : Could not find the directory 'C:/Users/losyo/Desktop/verilog/Lab3_PingPongCounter/Lab3_PingPongCounter.gen/sources_1'.
Scanning sources...
Finished scanning sources
INFO: [IP_Flow 19-234] Refreshing IP repositories
INFO: [IP_Flow 19-1704] No user IP repositories specified
INFO: [IP_Flow 19-2313] Loaded Vivado IP repository 'C:/Xilinx/Vivado/2020.2/data/ip'.
update_compile_order -fileset sources_1
launch_simulation
Command: launch_simulation 
INFO: [Vivado 12-5682] Launching behavioral simulation in 'C:/Users/losyo/Desktop/verilog/Lab3_PingPongCounter/Lab3_PingPongCounter.sim/sim_1/behav/xsim'
INFO: [SIM-utils-51] Simulation object is 'sim_1'
INFO: [SIM-utils-54] Inspecting design source files for 'Ping_Pong_Counter_t' in fileset 'sim_1'...
INFO: [USF-XSim-97] Finding global include files...
INFO: [USF-XSim-98] Fetching design files from 'sim_1'...
INFO: [USF-XSim-2] XSim::Compile design
INFO: [USF-XSim-61] Executing 'COMPILE and ANALYZE' step in 'C:/Users/losyo/Desktop/verilog/Lab3_PingPongCounter/Lab3_PingPongCounter.sim/sim_1/behav/xsim'
"xvlog --incr --relax -prj Ping_Pong_Counter_t_vlog.prj"
INFO: [VRFC 10-2263] Analyzing Verilog file "C:/Users/losyo/Desktop/verilog/Lab3_Team7_Ping_Pong_Counter.v" into library xil_defaultlib
INFO: [VRFC 10-311] analyzing module Ping_Pong_Counter
INFO: [VRFC 10-2263] Analyzing Verilog file "C:/Users/losyo/Desktop/verilog/Lab3_Team7_Ping_Pong_Counter_t.v" into library xil_defaultlib
INFO: [VRFC 10-311] analyzing module Ping_Pong_Counter_t
INFO: [USF-XSim-69] 'compile' step finished in '1' seconds
INFO: [USF-XSim-3] XSim::Elaborate design
INFO: [USF-XSim-61] Executing 'ELABORATE' step in 'C:/Users/losyo/Desktop/verilog/Lab3_PingPongCounter/Lab3_PingPongCounter.sim/sim_1/behav/xsim'
"xelab -wto 9d3c37e0a4d64ef9811b9288682fb357 --incr --debug typical --relax --mt 2 -L xil_defaultlib -L unisims_ver -L unimacro_ver -L secureip --snapshot Ping_Pong_Counter_t_behav xil_defaultlib.Ping_Pong_Counter_t xil_defaultlib.glbl -log elaborate.log"
Vivado Simulator 2020.2
Copyright 1986-1999, 2001-2020 Xilinx, Inc. All Rights Reserved.
Running: C:/Xilinx/Vivado/2020.2/bin/unwrapped/win64.o/xelab.exe -wto 9d3c37e0a4d64ef9811b9288682fb357 --incr --debug typical --relax --mt 2 -L xil_defaultlib -L unisims_ver -L unimacro_ver -L secureip --snapshot Ping_Pong_Counter_t_behav xil_defaultlib.Ping_Pong_Counter_t xil_defaultlib.glbl -log elaborate.log 
Using 2 slave threads.
Starting static elaboration
Pass Through NonSizing Optimizer
Completed static elaboration
Starting simulation data flow analysis
Completed simulation data flow analysis
Time Resolution for simulation is 1ps
Compiling module xil_defaultlib.Ping_Pong_Counter
Compiling module xil_defaultlib.Ping_Pong_Counter_t
Compiling module xil_defaultlib.glbl
Built simulation snapshot Ping_Pong_Counter_t_behav

****** Webtalk v2020.2 (64-bit)
  **** SW Build 3064766 on Wed Nov 18 09:12:45 MST 2020
  **** IP Build 3064653 on Wed Nov 18 14:17:31 MST 2020
    ** Copyright 1986-2020 Xilinx, Inc. All Rights Reserved.

source C:/Users/losyo/Desktop/verilog/Lab3_PingPongCounter/Lab3_PingPongCounter.sim/sim_1/behav/xsim/xsim.dir/Ping_Pong_Counter_t_behav/webtalk/xsim_webtalk.tcl -notrace
webtalk_transmit: Time (s): cpu = 00:00:00 ; elapsed = 00:00:12 . Memory (MB): peak = 116.527 ; gain = 17.598
INFO: [Common 17-206] Exiting Webtalk at Wed Nov  3 14:42:23 2021...
run_program: Time (s): cpu = 00:00:00 ; elapsed = 00:00:16 . Memory (MB): peak = 1017.102 ; gain = 0.000
INFO: [USF-XSim-69] 'elaborate' step finished in '16' seconds
INFO: [USF-XSim-4] XSim::Simulate design
INFO: [USF-XSim-61] Executing 'SIMULATE' step in 'C:/Users/losyo/Desktop/verilog/Lab3_PingPongCounter/Lab3_PingPongCounter.sim/sim_1/behav/xsim'
INFO: [USF-XSim-98] *** Running xsim
   with args "Ping_Pong_Counter_t_behav -key {Behavioral:sim_1:Functional:Ping_Pong_Counter_t} -tclbatch {Ping_Pong_Counter_t.tcl} -log {simulate.log}"
INFO: [USF-XSim-8] Loading simulator feature
Vivado Simulator 2020.2
Time resolution is 1 ps
source Ping_Pong_Counter_t.tcl
# set curr_wave [current_wave_config]
# if { [string length $curr_wave] == 0 } {
#   if { [llength [get_objects]] > 0} {
#     add_wave /
#     set_property needs_save false [current_wave_config]
#   } else {
#      send_msg_id Add_Wave-1 WARNING "No top level signals found. Simulator will start without a wave window. If you want to open a wave window go to 'File->New Waveform Configuration' or type 'create_wave_config' in the TCL console."
#   }
# }
# run 1000ns
$finish called at time : 346 ns : File "C:/Users/losyo/Desktop/verilog/Lab3_Team7_Ping_Pong_Counter_t.v" Line 29
xsim: Time (s): cpu = 00:00:08 ; elapsed = 00:00:17 . Memory (MB): peak = 1017.102 ; gain = 0.000
INFO: [USF-XSim-96] XSim completed. Design snapshot 'Ping_Pong_Counter_t_behav' loaded.
INFO: [USF-XSim-97] XSim simulation ran for 1000ns
launch_simulation: Time (s): cpu = 00:00:10 ; elapsed = 00:00:35 . Memory (MB): peak = 1017.102 ; gain = 0.000
close_sim
INFO: [Simtcl 6-16] Simulation closed
close_sim: Time (s): cpu = 00:00:01 ; elapsed = 00:00:11 . Memory (MB): peak = 1017.102 ; gain = 0.000
launch_simulation
Command: launch_simulation 
INFO: [Vivado 12-5682] Launching behavioral simulation in 'C:/Users/losyo/Desktop/verilog/Lab3_PingPongCounter/Lab3_PingPongCounter.sim/sim_1/behav/xsim'
INFO: [SIM-utils-51] Simulation object is 'sim_1'
INFO: [SIM-utils-54] Inspecting design source files for 'Ping_Pong_Counter_t' in fileset 'sim_1'...
INFO: [USF-XSim-97] Finding global include files...
INFO: [USF-XSim-98] Fetching design files from 'sim_1'...
INFO: [USF-XSim-2] XSim::Compile design
INFO: [USF-XSim-61] Executing 'COMPILE and ANALYZE' step in 'C:/Users/losyo/Desktop/verilog/Lab3_PingPongCounter/Lab3_PingPongCounter.sim/sim_1/behav/xsim'
"xvlog --incr --relax -prj Ping_Pong_Counter_t_vlog.prj"
INFO: [VRFC 10-2263] Analyzing Verilog file "C:/Users/losyo/Desktop/verilog/Lab3_Team7_Ping_Pong_Counter.v" into library xil_defaultlib
INFO: [VRFC 10-311] analyzing module Ping_Pong_Counter
INFO: [VRFC 10-2263] Analyzing Verilog file "C:/Users/losyo/Desktop/verilog/Lab3_Team7_Ping_Pong_Counter_t.v" into library xil_defaultlib
INFO: [VRFC 10-311] analyzing module Ping_Pong_Counter_t
INFO: [USF-XSim-69] 'compile' step finished in '2' seconds
INFO: [USF-XSim-3] XSim::Elaborate design
INFO: [USF-XSim-61] Executing 'ELABORATE' step in 'C:/Users/losyo/Desktop/verilog/Lab3_PingPongCounter/Lab3_PingPongCounter.sim/sim_1/behav/xsim'
"xelab -wto 9d3c37e0a4d64ef9811b9288682fb357 --incr --debug typical --relax --mt 2 -L xil_defaultlib -L unisims_ver -L unimacro_ver -L secureip --snapshot Ping_Pong_Counter_t_behav xil_defaultlib.Ping_Pong_Counter_t xil_defaultlib.glbl -log elaborate.log"
Vivado Simulator 2020.2
Copyright 1986-1999, 2001-2020 Xilinx, Inc. All Rights Reserved.
Running: C:/Xilinx/Vivado/2020.2/bin/unwrapped/win64.o/xelab.exe -wto 9d3c37e0a4d64ef9811b9288682fb357 --incr --debug typical --relax --mt 2 -L xil_defaultlib -L unisims_ver -L unimacro_ver -L secureip --snapshot Ping_Pong_Counter_t_behav xil_defaultlib.Ping_Pong_Counter_t xil_defaultlib.glbl -log elaborate.log 
Using 2 slave threads.
Starting static elaboration
Pass Through NonSizing Optimizer
Completed static elaboration
Starting simulation data flow analysis
Completed simulation data flow analysis
Time Resolution for simulation is 1ps
Compiling module xil_defaultlib.Ping_Pong_Counter
Compiling module xil_defaultlib.Ping_Pong_Counter_t
Compiling module xil_defaultlib.glbl
Built simulation snapshot Ping_Pong_Counter_t_behav
INFO: [USF-XSim-69] 'elaborate' step finished in '2' seconds
INFO: [USF-XSim-4] XSim::Simulate design
INFO: [USF-XSim-61] Executing 'SIMULATE' step in 'C:/Users/losyo/Desktop/verilog/Lab3_PingPongCounter/Lab3_PingPongCounter.sim/sim_1/behav/xsim'
INFO: [USF-XSim-98] *** Running xsim
   with args "Ping_Pong_Counter_t_behav -key {Behavioral:sim_1:Functional:Ping_Pong_Counter_t} -tclbatch {Ping_Pong_Counter_t.tcl} -log {simulate.log}"
INFO: [USF-XSim-8] Loading simulator feature
Vivado Simulator 2020.2
Time resolution is 1 ps
source Ping_Pong_Counter_t.tcl
# set curr_wave [current_wave_config]
# if { [string length $curr_wave] == 0 } {
#   if { [llength [get_objects]] > 0} {
#     add_wave /
#     set_property needs_save false [current_wave_config]
#   } else {
#      send_msg_id Add_Wave-1 WARNING "No top level signals found. Simulator will start without a wave window. If you want to open a wave window go to 'File->New Waveform Configuration' or type 'create_wave_config' in the TCL console."
#   }
# }
# run 1000ns
$finish called at time : 346 ns : File "C:/Users/losyo/Desktop/verilog/Lab3_Team7_Ping_Pong_Counter_t.v" Line 29
xsim: Time (s): cpu = 00:00:04 ; elapsed = 00:00:07 . Memory (MB): peak = 1017.102 ; gain = 0.000
INFO: [USF-XSim-96] XSim completed. Design snapshot 'Ping_Pong_Counter_t_behav' loaded.
INFO: [USF-XSim-97] XSim simulation ran for 1000ns
launch_simulation: Time (s): cpu = 00:00:05 ; elapsed = 00:00:11 . Memory (MB): peak = 1017.102 ; gain = 0.000
close_sim
INFO: [Simtcl 6-16] Simulation closed
close_project
open_project C:/Users/losyo/Desktop/verilog/Lab3_FIFO_8/Lab3_FIFO_8.xpr
WARNING: [filemgmt 56-3] Default IP Output Path : Could not find the directory 'C:/Users/losyo/Desktop/verilog/Lab3_FIFO_8/Lab3_FIFO_8.gen/sources_1'.
Scanning sources...
Finished scanning sources
INFO: [IP_Flow 19-234] Refreshing IP repositories
INFO: [IP_Flow 19-1704] No user IP repositories specified
INFO: [IP_Flow 19-2313] Loaded Vivado IP repository 'C:/Xilinx/Vivado/2020.2/data/ip'.
update_compile_order -fileset sources_1
launch_simulation
Command: launch_simulation 
INFO: [Vivado 12-5682] Launching behavioral simulation in 'C:/Users/losyo/Desktop/verilog/Lab3_FIFO_8/Lab3_FIFO_8.sim/sim_1/behav/xsim'
INFO: [SIM-utils-51] Simulation object is 'sim_1'
INFO: [SIM-utils-54] Inspecting design source files for 'fifo_tb' in fileset 'sim_1'...
INFO: [USF-XSim-97] Finding global include files...
INFO: [USF-XSim-98] Fetching design files from 'sim_1'...
INFO: [USF-XSim-2] XSim::Compile design
INFO: [USF-XSim-61] Executing 'COMPILE and ANALYZE' step in 'C:/Users/losyo/Desktop/verilog/Lab3_FIFO_8/Lab3_FIFO_8.sim/sim_1/behav/xsim'
"xvlog --incr --relax -prj fifo_tb_vlog.prj"
INFO: [USF-XSim-69] 'compile' step finished in '2' seconds
INFO: [USF-XSim-3] XSim::Elaborate design
INFO: [USF-XSim-61] Executing 'ELABORATE' step in 'C:/Users/losyo/Desktop/verilog/Lab3_FIFO_8/Lab3_FIFO_8.sim/sim_1/behav/xsim'
"xelab -wto 2e65dd6581c44bc99c92b0cfc3377335 --incr --debug typical --relax --mt 2 -L xil_defaultlib -L unisims_ver -L unimacro_ver -L secureip --snapshot fifo_tb_behav xil_defaultlib.fifo_tb xil_defaultlib.glbl -log elaborate.log"
Vivado Simulator 2020.2
Copyright 1986-1999, 2001-2020 Xilinx, Inc. All Rights Reserved.
Running: C:/Xilinx/Vivado/2020.2/bin/unwrapped/win64.o/xelab.exe -wto 2e65dd6581c44bc99c92b0cfc3377335 --incr --debug typical --relax --mt 2 -L xil_defaultlib -L unisims_ver -L unimacro_ver -L secureip --snapshot fifo_tb_behav xil_defaultlib.fifo_tb xil_defaultlib.glbl -log elaborate.log 
Using 2 slave threads.
Starting static elaboration
Pass Through NonSizing Optimizer
Completed static elaboration
INFO: [XSIM 43-4323] No Change in HDL. Linking previously generated obj files to create kernel
INFO: [USF-XSim-69] 'elaborate' step finished in '2' seconds
INFO: [USF-XSim-4] XSim::Simulate design
INFO: [USF-XSim-61] Executing 'SIMULATE' step in 'C:/Users/losyo/Desktop/verilog/Lab3_FIFO_8/Lab3_FIFO_8.sim/sim_1/behav/xsim'
INFO: [USF-XSim-98] *** Running xsim
   with args "fifo_tb_behav -key {Behavioral:sim_1:Functional:fifo_tb} -tclbatch {fifo_tb.tcl} -log {simulate.log}"
INFO: [USF-XSim-8] Loading simulator feature
Vivado Simulator 2020.2
Time resolution is 1 ps
source fifo_tb.tcl
# set curr_wave [current_wave_config]
# if { [string length $curr_wave] == 0 } {
#   if { [llength [get_objects]] > 0} {
#     add_wave /
#     set_property needs_save false [current_wave_config]
#   } else {
#      send_msg_id Add_Wave-1 WARNING "No top level signals found. Simulator will start without a wave window. If you want to open a wave window go to 'File->New Waveform Configuration' or type 'create_wave_config' in the TCL console."
#   }
# }
# run 1000ns
$stop called at time : 640 ns : File "C:/Users/losyo/Desktop/verilog/Lab3_FIFO_8/Lab3_FIFO_8.srcs/sources_1/new/FIFO_tb.v" Line 48
xsim: Time (s): cpu = 00:00:04 ; elapsed = 00:00:16 . Memory (MB): peak = 1017.102 ; gain = 0.000
INFO: [USF-XSim-96] XSim completed. Design snapshot 'fifo_tb_behav' loaded.
INFO: [USF-XSim-97] XSim simulation ran for 1000ns
launch_simulation: Time (s): cpu = 00:00:04 ; elapsed = 00:00:19 . Memory (MB): peak = 1017.102 ; gain = 0.000
close_sim
INFO: [Simtcl 6-16] Simulation closed
close_sim: Time (s): cpu = 00:00:01 ; elapsed = 00:00:15 . Memory (MB): peak = 1017.102 ; gain = 0.000
launch_simulation
Command: launch_simulation 
INFO: [Vivado 12-5682] Launching behavioral simulation in 'C:/Users/losyo/Desktop/verilog/Lab3_FIFO_8/Lab3_FIFO_8.sim/sim_1/behav/xsim'
INFO: [SIM-utils-51] Simulation object is 'sim_1'
INFO: [SIM-utils-54] Inspecting design source files for 'fifo_tb' in fileset 'sim_1'...
INFO: [USF-XSim-97] Finding global include files...
INFO: [USF-XSim-98] Fetching design files from 'sim_1'...
INFO: [USF-XSim-2] XSim::Compile design
INFO: [USF-XSim-61] Executing 'COMPILE and ANALYZE' step in 'C:/Users/losyo/Desktop/verilog/Lab3_FIFO_8/Lab3_FIFO_8.sim/sim_1/behav/xsim'
"xvlog --incr --relax -prj fifo_tb_vlog.prj"
INFO: [VRFC 10-2263] Analyzing Verilog file "C:/Users/losyo/Desktop/verilog/Lab3_TeamX_FIFO_8.v" into library xil_defaultlib
INFO: [VRFC 10-311] analyzing module FIFO_8
INFO: [VRFC 10-2263] Analyzing Verilog file "C:/Users/losyo/Desktop/verilog/Lab3_FIFO_8/Lab3_FIFO_8.srcs/sources_1/new/FIFO_tb.v" into library xil_defaultlib
INFO: [VRFC 10-311] analyzing module fifo_tb
INFO: [USF-XSim-69] 'compile' step finished in '2' seconds
INFO: [USF-XSim-3] XSim::Elaborate design
INFO: [USF-XSim-61] Executing 'ELABORATE' step in 'C:/Users/losyo/Desktop/verilog/Lab3_FIFO_8/Lab3_FIFO_8.sim/sim_1/behav/xsim'
"xelab -wto 2e65dd6581c44bc99c92b0cfc3377335 --incr --debug typical --relax --mt 2 -L xil_defaultlib -L unisims_ver -L unimacro_ver -L secureip --snapshot fifo_tb_behav xil_defaultlib.fifo_tb xil_defaultlib.glbl -log elaborate.log"
Vivado Simulator 2020.2
Copyright 1986-1999, 2001-2020 Xilinx, Inc. All Rights Reserved.
Running: C:/Xilinx/Vivado/2020.2/bin/unwrapped/win64.o/xelab.exe -wto 2e65dd6581c44bc99c92b0cfc3377335 --incr --debug typical --relax --mt 2 -L xil_defaultlib -L unisims_ver -L unimacro_ver -L secureip --snapshot fifo_tb_behav xil_defaultlib.fifo_tb xil_defaultlib.glbl -log elaborate.log 
Using 2 slave threads.
Starting static elaboration
Pass Through NonSizing Optimizer
Completed static elaboration
Starting simulation data flow analysis
Completed simulation data flow analysis
Time Resolution for simulation is 1ps
Compiling module xil_defaultlib.FIFO_8
Compiling module xil_defaultlib.fifo_tb
Compiling module xil_defaultlib.glbl
Built simulation snapshot fifo_tb_behav

****** Webtalk v2020.2 (64-bit)
  **** SW Build 3064766 on Wed Nov 18 09:12:45 MST 2020
  **** IP Build 3064653 on Wed Nov 18 14:17:31 MST 2020
    ** Copyright 1986-2020 Xilinx, Inc. All Rights Reserved.

source C:/Users/losyo/Desktop/verilog/Lab3_FIFO_8/Lab3_FIFO_8.sim/sim_1/behav/xsim/xsim.dir/fifo_tb_behav/webtalk/xsim_webtalk.tcl -notrace
webtalk_transmit: Time (s): cpu = 00:00:00 ; elapsed = 00:00:12 . Memory (MB): peak = 116.516 ; gain = 16.781
INFO: [Common 17-206] Exiting Webtalk at Wed Nov  3 14:51:22 2021...
run_program: Time (s): cpu = 00:00:00 ; elapsed = 00:00:15 . Memory (MB): peak = 1017.102 ; gain = 0.000
INFO: [USF-XSim-69] 'elaborate' step finished in '15' seconds
INFO: [USF-XSim-4] XSim::Simulate design
INFO: [USF-XSim-61] Executing 'SIMULATE' step in 'C:/Users/losyo/Desktop/verilog/Lab3_FIFO_8/Lab3_FIFO_8.sim/sim_1/behav/xsim'
INFO: [USF-XSim-98] *** Running xsim
   with args "fifo_tb_behav -key {Behavioral:sim_1:Functional:fifo_tb} -tclbatch {fifo_tb.tcl} -log {simulate.log}"
INFO: [USF-XSim-8] Loading simulator feature
Vivado Simulator 2020.2
Time resolution is 1 ps
source fifo_tb.tcl
# set curr_wave [current_wave_config]
# if { [string length $curr_wave] == 0 } {
#   if { [llength [get_objects]] > 0} {
#     add_wave /
#     set_property needs_save false [current_wave_config]
#   } else {
#      send_msg_id Add_Wave-1 WARNING "No top level signals found. Simulator will start without a wave window. If you want to open a wave window go to 'File->New Waveform Configuration' or type 'create_wave_config' in the TCL console."
#   }
# }
# run 1000ns
$stop called at time : 640 ns : File "C:/Users/losyo/Desktop/verilog/Lab3_FIFO_8/Lab3_FIFO_8.srcs/sources_1/new/FIFO_tb.v" Line 48
xsim: Time (s): cpu = 00:00:04 ; elapsed = 00:00:05 . Memory (MB): peak = 1017.102 ; gain = 0.000
INFO: [USF-XSim-96] XSim completed. Design snapshot 'fifo_tb_behav' loaded.
INFO: [USF-XSim-97] XSim simulation ran for 1000ns
launch_simulation: Time (s): cpu = 00:00:05 ; elapsed = 00:00:23 . Memory (MB): peak = 1017.102 ; gain = 0.000
close_sim
INFO: [Simtcl 6-16] Simulation closed
exit
INFO: [Common 17-206] Exiting Vivado at Wed Nov  3 17:23:30 2021...
