#-----------------------------------------------------------
# Vivado v2020.2 (64-bit)
# SW Build 3064766 on Wed Nov 18 09:12:45 MST 2020
# IP Build 3064653 on Wed Nov 18 14:17:31 MST 2020
# Start of session at: Wed Oct 27 16:23:06 2021
# Process ID: 111652
# Current directory: C:/Users/losyo/Desktop/verilog/Lab3_BankMemory
# Command line: vivado.exe -gui_launcher_event rodinguilauncherevent94816 C:\Users\losyo\Desktop\verilog\Lab3_BankMemory\Lab3_BankMemory.xpr
# Log file: C:/Users/losyo/Desktop/verilog/Lab3_BankMemory/vivado.log
# Journal file: C:/Users/losyo/Desktop/verilog/Lab3_BankMemory\vivado.jou
#-----------------------------------------------------------
start_gui
open_project C:/Users/losyo/Desktop/verilog/Lab3_BankMemory/Lab3_BankMemory.xpr
WARNING: [filemgmt 56-3] Default IP Output Path : Could not find the directory 'C:/Users/losyo/Desktop/verilog/Lab3_BankMemory/Lab3_BankMemory.gen/sources_1'.
Scanning sources...
Finished scanning sources
INFO: [IP_Flow 19-234] Refreshing IP repositories
INFO: [IP_Flow 19-1704] No user IP repositories specified
INFO: [IP_Flow 19-2313] Loaded Vivado IP repository 'C:/Xilinx/Vivado/2020.2/data/ip'.
open_project: Time (s): cpu = 00:00:12 ; elapsed = 00:00:05 . Memory (MB): peak = 1015.637 ; gain = 0.000
update_compile_order -fileset sources_1
launch_simulation
Command: launch_simulation 
INFO: [Vivado 12-5682] Launching behavioral simulation in 'C:/Users/losyo/Desktop/verilog/Lab3_BankMemory/Lab3_BankMemory.sim/sim_1/behav/xsim'
INFO: [SIM-utils-51] Simulation object is 'sim_1'
INFO: [SIM-utils-54] Inspecting design source files for 'Multi_Bank_tb' in fileset 'sim_1'...
INFO: [USF-XSim-97] Finding global include files...
INFO: [USF-XSim-98] Fetching design files from 'sim_1'...
INFO: [USF-XSim-2] XSim::Compile design
INFO: [USF-XSim-61] Executing 'COMPILE and ANALYZE' step in 'C:/Users/losyo/Desktop/verilog/Lab3_BankMemory/Lab3_BankMemory.sim/sim_1/behav/xsim'
"xvlog --incr --relax -prj Multi_Bank_tb_vlog.prj"
INFO: [VRFC 10-2263] Analyzing Verilog file "C:/Users/losyo/Desktop/verilog/Lab3_TeamX_Multi_Bank_Memory.v" into library xil_defaultlib
INFO: [VRFC 10-311] analyzing module Multi_Bank_Memory
INFO: [VRFC 10-311] analyzing module Bank
INFO: [VRFC 10-2458] undeclared symbol doutt4, assumed default net type wire [C:/Users/losyo/Desktop/verilog/Lab3_TeamX_Multi_Bank_Memory.v:127]
INFO: [VRFC 10-311] analyzing module Memory
INFO: [VRFC 10-2263] Analyzing Verilog file "C:/Users/losyo/Desktop/verilog/Lab3_BankMemory/Lab3_BankMemory.srcs/sources_1/new/Multi_Bank_tb.v" into library xil_defaultlib
INFO: [VRFC 10-311] analyzing module Multi_Bank_tb
INFO: [USF-XSim-69] 'compile' step finished in '2' seconds
INFO: [USF-XSim-3] XSim::Elaborate design
INFO: [USF-XSim-61] Executing 'ELABORATE' step in 'C:/Users/losyo/Desktop/verilog/Lab3_BankMemory/Lab3_BankMemory.sim/sim_1/behav/xsim'
"xelab -wto 155c9b1340174f82917fec8b8fe3b0e4 --incr --debug typical --relax --mt 2 -L xil_defaultlib -L unisims_ver -L unimacro_ver -L secureip --snapshot Multi_Bank_tb_behav xil_defaultlib.Multi_Bank_tb xil_defaultlib.glbl -log elaborate.log"
Vivado Simulator 2020.2
Copyright 1986-1999, 2001-2020 Xilinx, Inc. All Rights Reserved.
Running: C:/Xilinx/Vivado/2020.2/bin/unwrapped/win64.o/xelab.exe -wto 155c9b1340174f82917fec8b8fe3b0e4 --incr --debug typical --relax --mt 2 -L xil_defaultlib -L unisims_ver -L unimacro_ver -L secureip --snapshot Multi_Bank_tb_behav xil_defaultlib.Multi_Bank_tb xil_defaultlib.glbl -log elaborate.log 
Using 2 slave threads.
Starting static elaboration
Pass Through NonSizing Optimizer
WARNING: [VRFC 10-3091] actual bit length 1 differs from formal bit length 8 for port 'dout' [C:/Users/losyo/Desktop/verilog/Lab3_TeamX_Multi_Bank_Memory.v:127]
WARNING: [VRFC 10-3705] select index 4 into 'r' is out of bounds [C:/Users/losyo/Desktop/verilog/Lab3_TeamX_Multi_Bank_Memory.v:127]
Completed static elaboration
Starting simulation data flow analysis
Completed simulation data flow analysis
Time Resolution for simulation is 1ps
Compiling module xil_defaultlib.Memory
Compiling module xil_defaultlib.Bank
Compiling module xil_defaultlib.Multi_Bank_Memory
Compiling module xil_defaultlib.Multi_Bank_tb
Compiling module xil_defaultlib.glbl
Built simulation snapshot Multi_Bank_tb_behav
INFO: [USF-XSim-69] 'elaborate' step finished in '3' seconds
INFO: [USF-XSim-4] XSim::Simulate design
INFO: [USF-XSim-61] Executing 'SIMULATE' step in 'C:/Users/losyo/Desktop/verilog/Lab3_BankMemory/Lab3_BankMemory.sim/sim_1/behav/xsim'
INFO: [USF-XSim-98] *** Running xsim
   with args "Multi_Bank_tb_behav -key {Behavioral:sim_1:Functional:Multi_Bank_tb} -tclbatch {Multi_Bank_tb.tcl} -log {simulate.log}"
INFO: [USF-XSim-8] Loading simulator feature
Vivado Simulator 2020.2
Time resolution is 1 ps
source Multi_Bank_tb.tcl
# set curr_wave [current_wave_config]
# if { [string length $curr_wave] == 0 } {
#   if { [llength [get_objects]] > 0} {
#     add_wave /
#     set_property needs_save false [current_wave_config]
#   } else {
#      send_msg_id Add_Wave-1 WARNING "No top level signals found. Simulator will start without a wave window. If you want to open a wave window go to 'File->New Waveform Configuration' or type 'create_wave_config' in the TCL console."
#   }
# }
# run 1000ns
$finish called at time : 660 ns : File "C:/Users/losyo/Desktop/verilog/Lab3_BankMemory/Lab3_BankMemory.srcs/sources_1/new/Multi_Bank_tb.v" Line 48
xsim: Time (s): cpu = 00:00:04 ; elapsed = 00:00:20 . Memory (MB): peak = 1015.637 ; gain = 0.000
INFO: [USF-XSim-96] XSim completed. Design snapshot 'Multi_Bank_tb_behav' loaded.
INFO: [USF-XSim-97] XSim simulation ran for 1000ns
launch_simulation: Time (s): cpu = 00:00:05 ; elapsed = 00:00:26 . Memory (MB): peak = 1015.637 ; gain = 0.000
current_wave_config {Untitled 1}
Untitled 1
add_wave {{/Multi_Bank_tb/mb/b0/s0}} 
close_sim
INFO: [Simtcl 6-16] Simulation closed
launch_simulation
Command: launch_simulation 
INFO: [Vivado 12-5682] Launching behavioral simulation in 'C:/Users/losyo/Desktop/verilog/Lab3_BankMemory/Lab3_BankMemory.sim/sim_1/behav/xsim'
INFO: [SIM-utils-51] Simulation object is 'sim_1'
INFO: [SIM-utils-54] Inspecting design source files for 'Multi_Bank_tb' in fileset 'sim_1'...
INFO: [USF-XSim-97] Finding global include files...
INFO: [USF-XSim-98] Fetching design files from 'sim_1'...
INFO: [USF-XSim-2] XSim::Compile design
INFO: [USF-XSim-61] Executing 'COMPILE and ANALYZE' step in 'C:/Users/losyo/Desktop/verilog/Lab3_BankMemory/Lab3_BankMemory.sim/sim_1/behav/xsim'
"xvlog --incr --relax -prj Multi_Bank_tb_vlog.prj"
INFO: [VRFC 10-2263] Analyzing Verilog file "C:/Users/losyo/Desktop/verilog/Lab3_TeamX_Multi_Bank_Memory.v" into library xil_defaultlib
INFO: [VRFC 10-311] analyzing module Multi_Bank_Memory
INFO: [VRFC 10-311] analyzing module Bank
INFO: [VRFC 10-311] analyzing module Memory
INFO: [VRFC 10-2263] Analyzing Verilog file "C:/Users/losyo/Desktop/verilog/Lab3_BankMemory/Lab3_BankMemory.srcs/sources_1/new/Multi_Bank_tb.v" into library xil_defaultlib
INFO: [VRFC 10-311] analyzing module Multi_Bank_tb
INFO: [USF-XSim-69] 'compile' step finished in '2' seconds
INFO: [USF-XSim-3] XSim::Elaborate design
INFO: [USF-XSim-61] Executing 'ELABORATE' step in 'C:/Users/losyo/Desktop/verilog/Lab3_BankMemory/Lab3_BankMemory.sim/sim_1/behav/xsim'
"xelab -wto 155c9b1340174f82917fec8b8fe3b0e4 --incr --debug typical --relax --mt 2 -L xil_defaultlib -L unisims_ver -L unimacro_ver -L secureip --snapshot Multi_Bank_tb_behav xil_defaultlib.Multi_Bank_tb xil_defaultlib.glbl -log elaborate.log"
Vivado Simulator 2020.2
Copyright 1986-1999, 2001-2020 Xilinx, Inc. All Rights Reserved.
Running: C:/Xilinx/Vivado/2020.2/bin/unwrapped/win64.o/xelab.exe -wto 155c9b1340174f82917fec8b8fe3b0e4 --incr --debug typical --relax --mt 2 -L xil_defaultlib -L unisims_ver -L unimacro_ver -L secureip --snapshot Multi_Bank_tb_behav xil_defaultlib.Multi_Bank_tb xil_defaultlib.glbl -log elaborate.log 
Using 2 slave threads.
Starting static elaboration
Pass Through NonSizing Optimizer
Completed static elaboration
Starting simulation data flow analysis
Completed simulation data flow analysis
Time Resolution for simulation is 1ps
Compiling module xil_defaultlib.Memory
Compiling module xil_defaultlib.Bank
Compiling module xil_defaultlib.Multi_Bank_Memory
Compiling module xil_defaultlib.Multi_Bank_tb
Compiling module xil_defaultlib.glbl
Built simulation snapshot Multi_Bank_tb_behav
INFO: [USF-XSim-69] 'elaborate' step finished in '3' seconds
INFO: [USF-XSim-4] XSim::Simulate design
INFO: [USF-XSim-61] Executing 'SIMULATE' step in 'C:/Users/losyo/Desktop/verilog/Lab3_BankMemory/Lab3_BankMemory.sim/sim_1/behav/xsim'
INFO: [USF-XSim-98] *** Running xsim
   with args "Multi_Bank_tb_behav -key {Behavioral:sim_1:Functional:Multi_Bank_tb} -tclbatch {Multi_Bank_tb.tcl} -log {simulate.log}"
INFO: [USF-XSim-8] Loading simulator feature
Vivado Simulator 2020.2
Time resolution is 1 ps
source Multi_Bank_tb.tcl
# set curr_wave [current_wave_config]
# if { [string length $curr_wave] == 0 } {
#   if { [llength [get_objects]] > 0} {
#     add_wave /
#     set_property needs_save false [current_wave_config]
#   } else {
#      send_msg_id Add_Wave-1 WARNING "No top level signals found. Simulator will start without a wave window. If you want to open a wave window go to 'File->New Waveform Configuration' or type 'create_wave_config' in the TCL console."
#   }
# }
# run 1000ns
$finish called at time : 660 ns : File "C:/Users/losyo/Desktop/verilog/Lab3_BankMemory/Lab3_BankMemory.srcs/sources_1/new/Multi_Bank_tb.v" Line 48
xsim: Time (s): cpu = 00:00:04 ; elapsed = 00:00:18 . Memory (MB): peak = 1015.637 ; gain = 0.000
INFO: [USF-XSim-96] XSim completed. Design snapshot 'Multi_Bank_tb_behav' loaded.
INFO: [USF-XSim-97] XSim simulation ran for 1000ns
launch_simulation: Time (s): cpu = 00:00:04 ; elapsed = 00:00:23 . Memory (MB): peak = 1015.637 ; gain = 0.000
close_sim
INFO: [Simtcl 6-16] Simulation closed
launch_simulation
Command: launch_simulation 
INFO: [Vivado 12-5682] Launching behavioral simulation in 'C:/Users/losyo/Desktop/verilog/Lab3_BankMemory/Lab3_BankMemory.sim/sim_1/behav/xsim'
INFO: [SIM-utils-51] Simulation object is 'sim_1'
INFO: [SIM-utils-54] Inspecting design source files for 'Multi_Bank_tb' in fileset 'sim_1'...
INFO: [USF-XSim-97] Finding global include files...
INFO: [USF-XSim-98] Fetching design files from 'sim_1'...
INFO: [USF-XSim-2] XSim::Compile design
INFO: [USF-XSim-61] Executing 'COMPILE and ANALYZE' step in 'C:/Users/losyo/Desktop/verilog/Lab3_BankMemory/Lab3_BankMemory.sim/sim_1/behav/xsim'
"xvlog --incr --relax -prj Multi_Bank_tb_vlog.prj"
INFO: [VRFC 10-2263] Analyzing Verilog file "C:/Users/losyo/Desktop/verilog/Lab3_TeamX_Multi_Bank_Memory.v" into library xil_defaultlib
INFO: [VRFC 10-311] analyzing module Multi_Bank_Memory
INFO: [VRFC 10-311] analyzing module Bank
INFO: [VRFC 10-311] analyzing module Memory
INFO: [VRFC 10-2263] Analyzing Verilog file "C:/Users/losyo/Desktop/verilog/Lab3_BankMemory/Lab3_BankMemory.srcs/sources_1/new/Multi_Bank_tb.v" into library xil_defaultlib
INFO: [VRFC 10-311] analyzing module Multi_Bank_tb
INFO: [USF-XSim-69] 'compile' step finished in '2' seconds
INFO: [USF-XSim-3] XSim::Elaborate design
INFO: [USF-XSim-61] Executing 'ELABORATE' step in 'C:/Users/losyo/Desktop/verilog/Lab3_BankMemory/Lab3_BankMemory.sim/sim_1/behav/xsim'
"xelab -wto 155c9b1340174f82917fec8b8fe3b0e4 --incr --debug typical --relax --mt 2 -L xil_defaultlib -L unisims_ver -L unimacro_ver -L secureip --snapshot Multi_Bank_tb_behav xil_defaultlib.Multi_Bank_tb xil_defaultlib.glbl -log elaborate.log"
Vivado Simulator 2020.2
Copyright 1986-1999, 2001-2020 Xilinx, Inc. All Rights Reserved.
Running: C:/Xilinx/Vivado/2020.2/bin/unwrapped/win64.o/xelab.exe -wto 155c9b1340174f82917fec8b8fe3b0e4 --incr --debug typical --relax --mt 2 -L xil_defaultlib -L unisims_ver -L unimacro_ver -L secureip --snapshot Multi_Bank_tb_behav xil_defaultlib.Multi_Bank_tb xil_defaultlib.glbl -log elaborate.log 
Using 2 slave threads.
Starting static elaboration
Pass Through NonSizing Optimizer
Completed static elaboration
Starting simulation data flow analysis
Completed simulation data flow analysis
Time Resolution for simulation is 1ps
Compiling module xil_defaultlib.Memory
Compiling module xil_defaultlib.Bank
Compiling module xil_defaultlib.Multi_Bank_Memory
Compiling module xil_defaultlib.Multi_Bank_tb
Compiling module xil_defaultlib.glbl
Built simulation snapshot Multi_Bank_tb_behav
INFO: [USF-XSim-69] 'elaborate' step finished in '3' seconds
INFO: [USF-XSim-4] XSim::Simulate design
INFO: [USF-XSim-61] Executing 'SIMULATE' step in 'C:/Users/losyo/Desktop/verilog/Lab3_BankMemory/Lab3_BankMemory.sim/sim_1/behav/xsim'
INFO: [USF-XSim-98] *** Running xsim
   with args "Multi_Bank_tb_behav -key {Behavioral:sim_1:Functional:Multi_Bank_tb} -tclbatch {Multi_Bank_tb.tcl} -log {simulate.log}"
INFO: [USF-XSim-8] Loading simulator feature
Vivado Simulator 2020.2
Time resolution is 1 ps
source Multi_Bank_tb.tcl
# set curr_wave [current_wave_config]
# if { [string length $curr_wave] == 0 } {
#   if { [llength [get_objects]] > 0} {
#     add_wave /
#     set_property needs_save false [current_wave_config]
#   } else {
#      send_msg_id Add_Wave-1 WARNING "No top level signals found. Simulator will start without a wave window. If you want to open a wave window go to 'File->New Waveform Configuration' or type 'create_wave_config' in the TCL console."
#   }
# }
# run 1000ns
$finish called at time : 660 ns : File "C:/Users/losyo/Desktop/verilog/Lab3_BankMemory/Lab3_BankMemory.srcs/sources_1/new/Multi_Bank_tb.v" Line 48
xsim: Time (s): cpu = 00:00:03 ; elapsed = 00:00:20 . Memory (MB): peak = 1015.637 ; gain = 0.000
INFO: [USF-XSim-96] XSim completed. Design snapshot 'Multi_Bank_tb_behav' loaded.
INFO: [USF-XSim-97] XSim simulation ran for 1000ns
launch_simulation: Time (s): cpu = 00:00:04 ; elapsed = 00:00:25 . Memory (MB): peak = 1015.637 ; gain = 0.000
close_sim
INFO: [Simtcl 6-16] Simulation closed
launch_simulation
Command: launch_simulation 
INFO: [Vivado 12-5682] Launching behavioral simulation in 'C:/Users/losyo/Desktop/verilog/Lab3_BankMemory/Lab3_BankMemory.sim/sim_1/behav/xsim'
INFO: [SIM-utils-51] Simulation object is 'sim_1'
INFO: [SIM-utils-54] Inspecting design source files for 'Multi_Bank_tb' in fileset 'sim_1'...
INFO: [USF-XSim-97] Finding global include files...
INFO: [USF-XSim-98] Fetching design files from 'sim_1'...
INFO: [USF-XSim-2] XSim::Compile design
INFO: [USF-XSim-61] Executing 'COMPILE and ANALYZE' step in 'C:/Users/losyo/Desktop/verilog/Lab3_BankMemory/Lab3_BankMemory.sim/sim_1/behav/xsim'
"xvlog --incr --relax -prj Multi_Bank_tb_vlog.prj"
INFO: [VRFC 10-2263] Analyzing Verilog file "C:/Users/losyo/Desktop/verilog/Lab3_TeamX_Multi_Bank_Memory.v" into library xil_defaultlib
INFO: [VRFC 10-311] analyzing module Multi_Bank_Memory
INFO: [VRFC 10-311] analyzing module Bank
INFO: [VRFC 10-311] analyzing module Memory
INFO: [VRFC 10-2263] Analyzing Verilog file "C:/Users/losyo/Desktop/verilog/Lab3_BankMemory/Lab3_BankMemory.srcs/sources_1/new/Multi_Bank_tb.v" into library xil_defaultlib
INFO: [VRFC 10-311] analyzing module Multi_Bank_tb
INFO: [USF-XSim-69] 'compile' step finished in '2' seconds
INFO: [USF-XSim-3] XSim::Elaborate design
INFO: [USF-XSim-61] Executing 'ELABORATE' step in 'C:/Users/losyo/Desktop/verilog/Lab3_BankMemory/Lab3_BankMemory.sim/sim_1/behav/xsim'
"xelab -wto 155c9b1340174f82917fec8b8fe3b0e4 --incr --debug typical --relax --mt 2 -L xil_defaultlib -L unisims_ver -L unimacro_ver -L secureip --snapshot Multi_Bank_tb_behav xil_defaultlib.Multi_Bank_tb xil_defaultlib.glbl -log elaborate.log"
Vivado Simulator 2020.2
Copyright 1986-1999, 2001-2020 Xilinx, Inc. All Rights Reserved.
Running: C:/Xilinx/Vivado/2020.2/bin/unwrapped/win64.o/xelab.exe -wto 155c9b1340174f82917fec8b8fe3b0e4 --incr --debug typical --relax --mt 2 -L xil_defaultlib -L unisims_ver -L unimacro_ver -L secureip --snapshot Multi_Bank_tb_behav xil_defaultlib.Multi_Bank_tb xil_defaultlib.glbl -log elaborate.log 
Using 2 slave threads.
Starting static elaboration
Pass Through NonSizing Optimizer
Completed static elaboration
Starting simulation data flow analysis
Completed simulation data flow analysis
Time Resolution for simulation is 1ps
Compiling module xil_defaultlib.Memory
Compiling module xil_defaultlib.Bank
Compiling module xil_defaultlib.Multi_Bank_Memory
Compiling module xil_defaultlib.Multi_Bank_tb
Compiling module xil_defaultlib.glbl
Built simulation snapshot Multi_Bank_tb_behav
INFO: [USF-XSim-69] 'elaborate' step finished in '2' seconds
INFO: [USF-XSim-4] XSim::Simulate design
INFO: [USF-XSim-61] Executing 'SIMULATE' step in 'C:/Users/losyo/Desktop/verilog/Lab3_BankMemory/Lab3_BankMemory.sim/sim_1/behav/xsim'
INFO: [USF-XSim-98] *** Running xsim
   with args "Multi_Bank_tb_behav -key {Behavioral:sim_1:Functional:Multi_Bank_tb} -tclbatch {Multi_Bank_tb.tcl} -log {simulate.log}"
INFO: [USF-XSim-8] Loading simulator feature
Vivado Simulator 2020.2
Time resolution is 1 ps
source Multi_Bank_tb.tcl
# set curr_wave [current_wave_config]
# if { [string length $curr_wave] == 0 } {
#   if { [llength [get_objects]] > 0} {
#     add_wave /
#     set_property needs_save false [current_wave_config]
#   } else {
#      send_msg_id Add_Wave-1 WARNING "No top level signals found. Simulator will start without a wave window. If you want to open a wave window go to 'File->New Waveform Configuration' or type 'create_wave_config' in the TCL console."
#   }
# }
# run 1000ns
$finish called at time : 660 ns : File "C:/Users/losyo/Desktop/verilog/Lab3_BankMemory/Lab3_BankMemory.srcs/sources_1/new/Multi_Bank_tb.v" Line 48
xsim: Time (s): cpu = 00:00:02 ; elapsed = 00:00:06 . Memory (MB): peak = 1015.637 ; gain = 0.000
INFO: [USF-XSim-96] XSim completed. Design snapshot 'Multi_Bank_tb_behav' loaded.
INFO: [USF-XSim-97] XSim simulation ran for 1000ns
launch_simulation: Time (s): cpu = 00:00:02 ; elapsed = 00:00:11 . Memory (MB): peak = 1015.637 ; gain = 0.000
close_sim
INFO: [Simtcl 6-16] Simulation closed
exit
INFO: [Common 17-206] Exiting Vivado at Wed Oct 27 18:37:56 2021...
